::1 - - [28/Jul/2020:13:37:38 +0530] "GET / HTTP/1.1" 200 46
::1 - - [28/Jul/2020:13:37:40 +0530] "GET /favicon.ico HTTP/1.1" 404 196
::1 - - [28/Jul/2020:13:38:38 +0530] "-" 408 -
::1 - - [31/Jul/2020:18:32:39 +0530] "GET / HTTP/1.1" 200 46
::1 - - [31/Jul/2020:18:32:41 +0530] "GET /favicon.ico HTTP/1.1" 404 196
::1 - - [31/Jul/2020:23:26:53 +0530] "GET / HTTP/1.1" 200 46
::1 - - [31/Jul/2020:23:26:54 +0530] "GET /favicon.ico HTTP/1.1" 404 196
::1 - - [31/Jul/2020:23:27:53 +0530] "-" 408 -
::1 - - [31/Jul/2020:23:32:35 +0530] "GET / HTTP/1.1" 304 -
::1 - - [31/Jul/2020:23:33:35 +0530] "-" 408 -
::1 - - [31/Jul/2020:23:36:26 +0530] "GET / HTTP/1.1" 304 -
::1 - - [31/Jul/2020:23:37:26 +0530] "-" 408 -
::1 - - [01/Aug/2020:00:24:41 +0530] "GET / HTTP/1.1" 304 -
::1 - - [01/Aug/2020:00:25:41 +0530] "-" 408 -
::1 - - [01/Aug/2020:00:27:27 +0530] "-" 408 -
::1 - - [01/Aug/2020:00:27:27 +0530] "-" 408 -
::1 - - [01/Aug/2020:00:37:32 +0530] "GET / HTTP/1.1" 304 -
::1 - - [01/Aug/2020:00:38:32 +0530] "-" 408 -
::1 - - [01/Aug/2020:00:39:06 +0530] "GET / HTTP/1.1" 200 46
::1 - - [01/Aug/2020:00:48:13 +0530] "GET /favicon.ico HTTP/1.1" 404 196
::1 - - [01/Aug/2020:05:41:27 +0530] "GET /favicon.ico HTTP/1.1" 404 196
::1 - - [01/Aug/2020:05:58:36 +0530] "GET /favicon.ico HTTP/1.1" 404 196
::1 - - [01/Aug/2020:07:13:57 +0530] "GET /favicon.ico HTTP/1.1" 404 196
::1 - - [01/Aug/2020:07:14:55 +0530] "-" 408 -
::1 - - [01/Aug/2020:07:17:44 +0530] "GET /mod-auth-basic HTTP/1.1" 404 196
::1 - - [01/Aug/2020:07:18:44 +0530] "-" 408 -
::1 - - [01/Aug/2020:07:39:56 +0530] "GET / HTTP/1.1" 500 530
::1 - - [01/Aug/2020:07:39:57 +0530] "GET /favicon.ico HTTP/1.1" 500 530
::1 - - [01/Aug/2020:07:40:02 +0530] "GET / HTTP/1.1" 500 530
::1 - - [01/Aug/2020:07:40:02 +0530] "GET /favicon.ico HTTP/1.1" 500 530
::1 - - [01/Aug/2020:07:40:30 +0530] "GET / HTTP/1.1" 500 530
::1 - - [01/Aug/2020:07:40:32 +0530] "GET /favicon.ico HTTP/1.1" 500 530
::1 - - [01/Aug/2020:07:41:35 +0530] "GET / HTTP/1.1" 500 530
::1 - - [01/Aug/2020:07:41:35 +0530] "GET /favicon.ico HTTP/1.1" 500 530
::1 - - [01/Aug/2020:07:41:43 +0530] "GET / HTTP/1.1" 500 530
::1 - - [01/Aug/2020:07:41:43 +0530] "GET /favicon.ico HTTP/1.1" 500 530
::1 - - [01/Aug/2020:07:42:08 +0530] "GET / HTTP/1.1" 200 46
::1 - - [01/Aug/2020:07:42:09 +0530] "GET /favicon.ico HTTP/1.1" 404 196
::1 - - [01/Aug/2020:09:50:51 +0530] "-" 408 -
::1 - - [01/Aug/2020:09:50:51 +0530] "-" 408 -
::1 - - [01/Aug/2020:09:51:52 +0530] "GET /favicon.ico HTTP/1.1" 404 196
::1 - - [01/Aug/2020:09:52:51 +0530] "-" 408 -
::1 - - [01/Aug/2020:11:55:57 +0530] "GET / HTTP/1.1" 304 -
::1 - - [01/Aug/2020:11:58:26 +0530] "GET / HTTP/1.1" 304 -
::1 - - [01/Aug/2020:12:00:07 +0530] "GET / HTTP/1.1" 304 -
::1 - - [01/Aug/2020:12:01:07 +0530] "-" 408 -
::1 - - [01/Aug/2020:12:18:09 +0530] "GET / HTTP/1.1" 304 -
::1 - - [01/Aug/2020:12:18:52 +0530] "GET / HTTP/1.1" 200 62
::1 - - [01/Aug/2020:12:18:54 +0530] "GET /favicon.ico HTTP/1.1" 404 196
::1 - - [01/Aug/2020:12:19:52 +0530] "-" 408 -
::1 - - [01/Aug/2020:12:41:23 +0530] "GET / HTTP/1.1" 304 -
::1 - - [01/Aug/2020:12:42:23 +0530] "-" 408 -
::1 - - [01/Aug/2020:12:55:24 +0530] "GET / HTTP/1.1" 304 -
::1 - - [01/Aug/2020:12:56:24 +0530] "-" 408 -
::1 - - [01/Aug/2020:12:56:24 +0530] "-" 408 
